<?xml version="1.0" encoding="UTF-8"?>
<testng-results ignored="0" total="2" passed="2" failed="0" skipped="0">
  <reporter-output>
  </reporter-output>
  <suite started-at="2020-01-05T02:04:20 CST" name="Suite" finished-at="2020-01-05T02:04:20 CST" duration-ms="68">
    <groups>
    </groups>
    <test started-at="2020-01-05T02:04:20 CST" name="Test" finished-at="2020-01-05T02:04:20 CST" duration-ms="68">
      <class name="qaclickacademy.apiTest">
        <test-method signature="iamApi()[pri:0, instance:qaclickacademy.apiTest@18ce0030]" started-at="2020-01-05T02:04:20 CST" name="iamApi" finished-at="2020-01-05T02:04:20 CST" duration-ms="3" status="PASS">
          <reporter-output>
          </reporter-output>
        </test-method> <!-- iamApi -->
      </class> <!-- qaclickacademy.apiTest -->
      <class name="qaclickacademy.seleniumTest">
        <test-method signature="wahtisSelenium()[pri:0, instance:qaclickacademy.seleniumTest@56a6d5a6]" started-at="2020-01-05T02:04:20 CST" name="wahtisSelenium" finished-at="2020-01-05T02:04:20 CST" duration-ms="13" status="PASS">
          <reporter-output>
          </reporter-output>
        </test-method> <!-- wahtisSelenium -->
      </class> <!-- qaclickacademy.seleniumTest -->
    </test> <!-- Test -->
  </suite> <!-- Suite -->
</testng-results>
